<?xml version="1.0" encoding="UTF-8"?>
<!-- Generated by org.testng.reporters.JUnitXMLReporter -->
<testsuite ignored="4" hostname="DESKTOP-CT2J5C6" failures="0" tests="3" name="Test_SortableTests" time="3.066" errors="0" timestamp="2024-12-29T19:37:20 IST">
  <testcase classname="tests_for_interactions.SortableTests" name="clickoninteractions" time="0.0">
    <skipped/>
  </testcase> <!-- clickoninteractions -->
  <testcase classname="tests_for_interactions.SortableTests" name="clickonsortable" time="0.0">
    <skipped/>
  </testcase> <!-- clickonsortable -->
  <testcase classname="tests_for_interactions.SortableTests" name="sortnamelistbygetetxtmethod" time="0.0">
    <skipped/>
  </testcase> <!-- sortnamelistbygetetxtmethod -->
  <testcase classname="tests_for_interactions.SortableTests" name="sortnameandvalidate" time="0.0">
    <ignored/>
  </testcase> <!-- sortnameandvalidate -->
  <testcase classname="tests_for_interactions.SortableTests" name="sortnamelistusingehancedforloop" time="0.0">
    <ignored/>
  </testcase> <!-- sortnamelistusingehancedforloop -->
  <testcase classname="tests_for_interactions.SortableTests" name="sortNameListUsingMap" time="0.0">
    <ignored/>
  </testcase> <!-- sortNameListUsingMap -->
  <testcase classname="tests_for_interactions.SortableTests" name="sortnamelistusingloop" time="0.0">
    <ignored/>
  </testcase> <!-- sortnamelistusingloop -->
</testsuite> <!-- Test_SortableTests -->
