<?xml version="1.0" encoding="UTF-8"?>
<!-- Generated by org.testng.reporters.JUnitXMLReporter -->
<testsuite ignored="0" hostname="DESKTOP-CT2J5C6" failures="0" tests="3" name="Test_DroppableTests" time="5.084" errors="0" timestamp="2024-12-29T19:37:12 IST">
  <testcase classname="tests_for_interactions.DroppableTests" name="clickoninteractions" time="0.0">
    <skipped/>
  </testcase> <!-- clickoninteractions -->
  <testcase classname="tests_for_interactions.DroppableTests" name="clickondroppableoption" time="0.0">
    <skipped/>
  </testcase> <!-- clickondroppableoption -->
  <testcase classname="tests_for_interactions.DroppableTests" name="movedroopableemelement" time="0.001">
    <skipped/>
  </testcase> <!-- movedroopableemelement -->
</testsuite> <!-- Test_DroppableTests -->
