<?xml version="1.0" encoding="UTF-8"?>
<!-- Generated by org.testng.reporters.JUnitXMLReporter -->
<testsuite ignored="0" hostname="DESKTOP-CT2J5C6" failures="0" tests="3" name="Test_DraggableTests" time="5.094" errors="0" timestamp="2024-12-29T19:37:17 IST">
  <testcase classname="tests_for_interactions.DraggableTests" name="clickoninteractions" time="0.0">
    <skipped/>
  </testcase> <!-- clickoninteractions -->
  <testcase classname="tests_for_interactions.DraggableTests" name="clickondraggableoption" time="0.0">
    <skipped/>
  </testcase> <!-- clickondraggableoption -->
  <testcase classname="tests_for_interactions.DraggableTests" name="movedraggablecursor" time="0.0">
    <skipped/>
  </testcase> <!-- movedraggablecursor -->
</testsuite> <!-- Test_DraggableTests -->
