<?xml version="1.0" encoding="UTF-8"?>
<!-- Generated by org.testng.reporters.JUnitXMLReporter -->
<testsuite ignored="1" hostname="DESKTOP-CT2J5C6" failures="0" tests="3" name="Test_ResizableTests" time="5.617" errors="0" timestamp="2024-12-29T19:37:07 IST">
  <testcase classname="tests_for_interactions.ResizableTests" name="clickoninteractions" time="0.0">
    <skipped/>
  </testcase> <!-- clickoninteractions -->
  <testcase classname="tests_for_interactions.ResizableTests" name="clickonresizableoption" time="0.0">
    <skipped/>
  </testcase> <!-- clickonresizableoption -->
  <testcase classname="tests_for_interactions.ResizableTests" name="resizeboxexample" time="0.001">
    <skipped/>
  </testcase> <!-- resizeboxexample -->
  <testcase classname="tests_for_interactions.ResizableTests" name="resizelementold" time="0.0">
    <ignored/>
  </testcase> <!-- resizelementold -->
</testsuite> <!-- Test_ResizableTests -->
